Copyright 1986-2022 Xilinx, Inc. All Rights Reserved.
---------------------------------------------------------------------------------------------------------------------------------------------------------------------------------------------------------------------------------
| Tool Version : Vivado v.2022.2 (win64) Build 3671981 Fri Oct 14 05:00:03 MDT 2022
| Date         : Thu Jun 15 10:21:37 2023
| Host         : Tutu running 64-bit major release  (build 9200)
| Command      : report_timing_summary -max_paths 10 -report_unconstrained -file bcd_completo_timing_summary_routed.rpt -pb bcd_completo_timing_summary_routed.pb -rpx bcd_completo_timing_summary_routed.rpx -warn_on_violation
| Design       : bcd_completo
| Device       : 7a35t-cpg236
| Speed File   : -1  PRODUCTION 1.23 2018-06-13
---------------------------------------------------------------------------------------------------------------------------------------------------------------------------------------------------------------------------------

Timing Summary Report

------------------------------------------------------------------------------------------------
| Timer Settings
| --------------
------------------------------------------------------------------------------------------------

  Enable Multi Corner Analysis               :  Yes
  Enable Pessimism Removal                   :  Yes
  Pessimism Removal Resolution               :  Nearest Common Node
  Enable Input Delay Default Clock           :  No
  Enable Preset / Clear Arcs                 :  No
  Disable Flight Delays                      :  No
  Ignore I/O Paths                           :  No
  Timing Early Launch at Borrowing Latches   :  No
  Borrow Time for Max Delay Exceptions       :  Yes
  Merge Timing Exceptions                    :  Yes

  Corner  Analyze    Analyze    
  Name    Max Paths  Min Paths  
  ------  ---------  ---------  
  Slow    Yes        Yes        
  Fast    Yes        Yes        


------------------------------------------------------------------------------------------------
| Report Methodology
| ------------------
------------------------------------------------------------------------------------------------

No report available as report_methodology has not been run prior. Run report_methodology on the current design for the summary of methodology violations.



check_timing report

Table of Contents
-----------------
1. checking no_clock (0)
2. checking constant_clock (0)
3. checking pulse_width_clock (0)
4. checking unconstrained_internal_endpoints (0)
5. checking no_input_delay (0)
6. checking no_output_delay (0)
7. checking multiple_clock (0)
8. checking generated_clocks (0)
9. checking loops (0)
10. checking partial_input_delay (0)
11. checking partial_output_delay (0)
12. checking latch_loops (0)

1. checking no_clock (0)
------------------------
 There are 0 register/latch pins with no clock.


2. checking constant_clock (0)
------------------------------
 There are 0 register/latch pins with constant_clock.


3. checking pulse_width_clock (0)
---------------------------------
 There are 0 register/latch pins which need pulse_width check


4. checking unconstrained_internal_endpoints (0)
------------------------------------------------
 There are 0 pins that are not constrained for maximum delay.

 There are 0 pins that are not constrained for maximum delay due to constant clock.


5. checking no_input_delay (0)
------------------------------
 There are 0 input ports with no input delay specified.

 There are 0 input ports with no input delay but user has a false path constraint.


6. checking no_output_delay (0)
-------------------------------
 There are 0 ports with no output delay specified.

 There are 0 ports with no output delay but user has a false path constraint

 There are 0 ports with no output delay but with a timing clock defined on it or propagating through it


7. checking multiple_clock (0)
------------------------------
 There are 0 register/latch pins with multiple clocks.


8. checking generated_clocks (0)
--------------------------------
 There are 0 generated clocks that are not connected to a clock source.


9. checking loops (0)
---------------------
 There are 0 combinational loops in the design.


10. checking partial_input_delay (0)
------------------------------------
 There are 0 input ports with partial input delay specified.


11. checking partial_output_delay (0)
-------------------------------------
 There are 0 ports with partial output delay specified.


12. checking latch_loops (0)
----------------------------
 There are 0 combinational latch loops in the design through latch input



------------------------------------------------------------------------------------------------
| Design Timing Summary
| ---------------------
------------------------------------------------------------------------------------------------

    WNS(ns)      TNS(ns)  TNS Failing Endpoints  TNS Total Endpoints      WHS(ns)      THS(ns)  THS Failing Endpoints  THS Total Endpoints     WPWS(ns)     TPWS(ns)  TPWS Failing Endpoints  TPWS Total Endpoints  
    -------      -------  ---------------------  -------------------      -------      -------  ---------------------  -------------------     --------     --------  ----------------------  --------------------  
        inf        0.000                      0                    9          inf        0.000                      0                    9           NA           NA                      NA                    NA  


There are no user specified timing constraints.


------------------------------------------------------------------------------------------------
| Clock Summary
| -------------
------------------------------------------------------------------------------------------------


------------------------------------------------------------------------------------------------
| Intra Clock Table
| -----------------
------------------------------------------------------------------------------------------------

Clock             WNS(ns)      TNS(ns)  TNS Failing Endpoints  TNS Total Endpoints      WHS(ns)      THS(ns)  THS Failing Endpoints  THS Total Endpoints     WPWS(ns)     TPWS(ns)  TPWS Failing Endpoints  TPWS Total Endpoints  
-----             -------      -------  ---------------------  -------------------      -------      -------  ---------------------  -------------------     --------     --------  ----------------------  --------------------  


------------------------------------------------------------------------------------------------
| Inter Clock Table
| -----------------
------------------------------------------------------------------------------------------------

From Clock    To Clock          WNS(ns)      TNS(ns)  TNS Failing Endpoints  TNS Total Endpoints      WHS(ns)      THS(ns)  THS Failing Endpoints  THS Total Endpoints  
----------    --------          -------      -------  ---------------------  -------------------      -------      -------  ---------------------  -------------------  


------------------------------------------------------------------------------------------------
| Other Path Groups Table
| -----------------------
------------------------------------------------------------------------------------------------

Path Group    From Clock    To Clock          WNS(ns)      TNS(ns)  TNS Failing Endpoints  TNS Total Endpoints      WHS(ns)      THS(ns)  THS Failing Endpoints  THS Total Endpoints  
----------    ----------    --------          -------      -------  ---------------------  -------------------      -------      -------  ---------------------  -------------------  


------------------------------------------------------------------------------------------------
| User Ignored Path Table
| -----------------------
------------------------------------------------------------------------------------------------

Path Group    From Clock    To Clock    
----------    ----------    --------    


------------------------------------------------------------------------------------------------
| Unconstrained Path Table
| ------------------------
------------------------------------------------------------------------------------------------

Path Group    From Clock    To Clock    
----------    ----------    --------    
(none)                                    


------------------------------------------------------------------------------------------------
| Timing Details
| --------------
------------------------------------------------------------------------------------------------


--------------------------------------------------------------------------------------
Path Group:  (none)
From Clock:  
  To Clock:  

Max Delay             9 Endpoints
Min Delay             9 Endpoints
--------------------------------------------------------------------------------------


Max Delay Paths
--------------------------------------------------------------------------------------
Slack:                    inf
  Source:                 a[3]
                            (input port)
  Destination:            seg[2]
                            (output port)
  Path Group:             (none)
  Path Type:              Max at Slow Process Corner
  Data Path Delay:        11.160ns  (logic 5.525ns (49.506%)  route 5.635ns (50.494%))
  Logic Levels:           4  (IBUF=1 LUT4=1 MUXF7=1 OBUF=1)

    Location             Delay type                Incr(ns)  Path(ns)    Netlist Resource(s)
  -------------------------------------------------------------------    -------------------
    W15                                               0.000     0.000 r  a[3] (IN)
                         net (fo=0)                   0.000     0.000    a[3]
    W15                  IBUF (Prop_ibuf_I_O)         1.451     1.451 r  a_IBUF[3]_inst/O
                         net (fo=7, routed)           2.846     4.297    a_IBUF[3]
    SLICE_X46Y11         LUT4 (Prop_lut4_I0_O)        0.124     4.421 r  seg_OBUF[2]_inst_i_2/O
                         net (fo=1, routed)           0.000     4.421    A1[2]
    SLICE_X46Y11         MUXF7 (Prop_muxf7_I0_O)      0.241     4.662 r  seg_OBUF[2]_inst_i_1/O
                         net (fo=1, routed)           2.789     7.451    seg_OBUF[2]
    U8                   OBUF (Prop_obuf_I_O)         3.709    11.160 r  seg_OBUF[2]_inst/O
                         net (fo=0)                   0.000    11.160    seg[2]
    U8                                                                r  seg[2] (OUT)
  -------------------------------------------------------------------    -------------------

Slack:                    inf
  Source:                 b[0]
                            (input port)
  Destination:            seg[0]
                            (output port)
  Path Group:             (none)
  Path Type:              Max at Slow Process Corner
  Data Path Delay:        11.107ns  (logic 5.493ns (49.454%)  route 5.614ns (50.546%))
  Logic Levels:           4  (IBUF=1 LUT4=1 MUXF7=1 OBUF=1)

    Location             Delay type                Incr(ns)  Path(ns)    Netlist Resource(s)
  -------------------------------------------------------------------    -------------------
    V15                                               0.000     0.000 r  b[0] (IN)
                         net (fo=0)                   0.000     0.000    b[0]
    V15                  IBUF (Prop_ibuf_I_O)         1.466     1.466 r  b_IBUF[0]_inst/O
                         net (fo=7, routed)           2.809     4.275    b_IBUF[0]
    SLICE_X47Y10         LUT4 (Prop_lut4_I2_O)        0.124     4.399 r  seg_OBUF[0]_inst_i_3/O
                         net (fo=1, routed)           0.000     4.399    B1[0]
    SLICE_X47Y10         MUXF7 (Prop_muxf7_I1_O)      0.217     4.616 r  seg_OBUF[0]_inst_i_1/O
                         net (fo=1, routed)           2.805     7.421    seg_OBUF[0]
    W7                   OBUF (Prop_obuf_I_O)         3.686    11.107 r  seg_OBUF[0]_inst/O
                         net (fo=0)                   0.000    11.107    seg[0]
    W7                                                                r  seg[0] (OUT)
  -------------------------------------------------------------------    -------------------

Slack:                    inf
  Source:                 b[3]
                            (input port)
  Destination:            seg[4]
                            (output port)
  Path Group:             (none)
  Path Type:              Max at Slow Process Corner
  Data Path Delay:        11.102ns  (logic 5.517ns (49.696%)  route 5.585ns (50.304%))
  Logic Levels:           4  (IBUF=1 LUT4=1 MUXF7=1 OBUF=1)

    Location             Delay type                Incr(ns)  Path(ns)    Netlist Resource(s)
  -------------------------------------------------------------------    -------------------
    V2                                                0.000     0.000 r  b[3] (IN)
                         net (fo=0)                   0.000     0.000    b[3]
    V2                   IBUF (Prop_ibuf_I_O)         1.454     1.454 r  b_IBUF[3]_inst/O
                         net (fo=7, routed)           2.856     4.310    b_IBUF[3]
    SLICE_X47Y11         LUT4 (Prop_lut4_I0_O)        0.124     4.434 r  seg_OBUF[4]_inst_i_3/O
                         net (fo=1, routed)           0.000     4.434    B1[4]
    SLICE_X47Y11         MUXF7 (Prop_muxf7_I1_O)      0.245     4.679 r  seg_OBUF[4]_inst_i_1/O
                         net (fo=1, routed)           2.729     7.408    seg_OBUF[4]
    U5                   OBUF (Prop_obuf_I_O)         3.694    11.102 r  seg_OBUF[4]_inst/O
                         net (fo=0)                   0.000    11.102    seg[4]
    U5                                                                r  seg[4] (OUT)
  -------------------------------------------------------------------    -------------------

Slack:                    inf
  Source:                 b[3]
                            (input port)
  Destination:            seg[1]
                            (output port)
  Path Group:             (none)
  Path Type:              Max at Slow Process Corner
  Data Path Delay:        10.976ns  (logic 5.495ns (50.062%)  route 5.481ns (49.938%))
  Logic Levels:           4  (IBUF=1 LUT4=1 MUXF7=1 OBUF=1)

    Location             Delay type                Incr(ns)  Path(ns)    Netlist Resource(s)
  -------------------------------------------------------------------    -------------------
    V2                                                0.000     0.000 r  b[3] (IN)
                         net (fo=0)                   0.000     0.000    b[3]
    V2                   IBUF (Prop_ibuf_I_O)         1.454     1.454 r  b_IBUF[3]_inst/O
                         net (fo=7, routed)           2.720     4.174    b_IBUF[3]
    SLICE_X46Y11         LUT4 (Prop_lut4_I0_O)        0.124     4.298 r  seg_OBUF[1]_inst_i_3/O
                         net (fo=1, routed)           0.000     4.298    B1[1]
    SLICE_X46Y11         MUXF7 (Prop_muxf7_I1_O)      0.214     4.512 r  seg_OBUF[1]_inst_i_1/O
                         net (fo=1, routed)           2.761     7.273    seg_OBUF[1]
    W6                   OBUF (Prop_obuf_I_O)         3.702    10.976 r  seg_OBUF[1]_inst/O
                         net (fo=0)                   0.000    10.976    seg[1]
    W6                                                                r  seg[1] (OUT)
  -------------------------------------------------------------------    -------------------

Slack:                    inf
  Source:                 b[3]
                            (input port)
  Destination:            seg[6]
                            (output port)
  Path Group:             (none)
  Path Type:              Max at Slow Process Corner
  Data Path Delay:        10.924ns  (logic 5.529ns (50.612%)  route 5.395ns (49.388%))
  Logic Levels:           4  (IBUF=1 LUT4=1 MUXF7=1 OBUF=1)

    Location             Delay type                Incr(ns)  Path(ns)    Netlist Resource(s)
  -------------------------------------------------------------------    -------------------
    V2                                                0.000     0.000 r  b[3] (IN)
                         net (fo=0)                   0.000     0.000    b[3]
    V2                   IBUF (Prop_ibuf_I_O)         1.454     1.454 r  b_IBUF[3]_inst/O
                         net (fo=7, routed)           2.877     4.332    b_IBUF[3]
    SLICE_X47Y10         LUT4 (Prop_lut4_I0_O)        0.124     4.456 r  seg_OBUF[6]_inst_i_3/O
                         net (fo=1, routed)           0.000     4.456    B1[6]
    SLICE_X47Y10         MUXF7 (Prop_muxf7_I1_O)      0.245     4.701 r  seg_OBUF[6]_inst_i_1/O
                         net (fo=1, routed)           2.518     7.219    seg_OBUF[6]
    U7                   OBUF (Prop_obuf_I_O)         3.705    10.924 r  seg_OBUF[6]_inst/O
                         net (fo=0)                   0.000    10.924    seg[6]
    U7                                                                r  seg[6] (OUT)
  -------------------------------------------------------------------    -------------------

Slack:                    inf
  Source:                 b[0]
                            (input port)
  Destination:            seg[3]
                            (output port)
  Path Group:             (none)
  Path Type:              Max at Slow Process Corner
  Data Path Delay:        10.907ns  (logic 5.518ns (50.588%)  route 5.389ns (49.412%))
  Logic Levels:           4  (IBUF=1 LUT4=1 MUXF7=1 OBUF=1)

    Location             Delay type                Incr(ns)  Path(ns)    Netlist Resource(s)
  -------------------------------------------------------------------    -------------------
    V15                                               0.000     0.000 r  b[0] (IN)
                         net (fo=0)                   0.000     0.000    b[0]
    V15                  IBUF (Prop_ibuf_I_O)         1.466     1.466 r  b_IBUF[0]_inst/O
                         net (fo=7, routed)           2.651     4.117    b_IBUF[0]
    SLICE_X47Y11         LUT4 (Prop_lut4_I2_O)        0.124     4.241 r  seg_OBUF[3]_inst_i_3/O
                         net (fo=1, routed)           0.000     4.241    B1[3]
    SLICE_X47Y11         MUXF7 (Prop_muxf7_I1_O)      0.217     4.458 r  seg_OBUF[3]_inst_i_1/O
                         net (fo=1, routed)           2.738     7.197    seg_OBUF[3]
    V8                   OBUF (Prop_obuf_I_O)         3.711    10.907 r  seg_OBUF[3]_inst/O
                         net (fo=0)                   0.000    10.907    seg[3]
    V8                                                                r  seg[3] (OUT)
  -------------------------------------------------------------------    -------------------

Slack:                    inf
  Source:                 b[0]
                            (input port)
  Destination:            seg[5]
                            (output port)
  Path Group:             (none)
  Path Type:              Max at Slow Process Corner
  Data Path Delay:        10.877ns  (logic 5.481ns (50.397%)  route 5.395ns (49.603%))
  Logic Levels:           4  (IBUF=1 LUT4=1 MUXF7=1 OBUF=1)

    Location             Delay type                Incr(ns)  Path(ns)    Netlist Resource(s)
  -------------------------------------------------------------------    -------------------
    V15                                               0.000     0.000 r  b[0] (IN)
                         net (fo=0)                   0.000     0.000    b[0]
    V15                  IBUF (Prop_ibuf_I_O)         1.466     1.466 r  b_IBUF[0]_inst/O
                         net (fo=7, routed)           2.824     4.290    b_IBUF[0]
    SLICE_X46Y10         LUT4 (Prop_lut4_I3_O)        0.124     4.414 r  seg_OBUF[5]_inst_i_3/O
                         net (fo=1, routed)           0.000     4.414    B1[5]
    SLICE_X46Y10         MUXF7 (Prop_muxf7_I1_O)      0.214     4.628 r  seg_OBUF[5]_inst_i_1/O
                         net (fo=1, routed)           2.571     7.199    seg_OBUF[5]
    V5                   OBUF (Prop_obuf_I_O)         3.677    10.877 r  seg_OBUF[5]_inst/O
                         net (fo=0)                   0.000    10.877    seg[5]
    V5                                                                r  seg[5] (OUT)
  -------------------------------------------------------------------    -------------------

Slack:                    inf
  Source:                 sel
                            (input port)
  Destination:            an[1]
                            (output port)
  Path Group:             (none)
  Path Type:              Max at Slow Process Corner
  Data Path Delay:        10.535ns  (logic 5.076ns (48.180%)  route 5.459ns (51.820%))
  Logic Levels:           3  (IBUF=1 LUT1=1 OBUF=1)

    Location             Delay type                Incr(ns)  Path(ns)    Netlist Resource(s)
  -------------------------------------------------------------------    -------------------
    V17                                               0.000     0.000 f  sel (IN)
                         net (fo=0)                   0.000     0.000    sel
    V17                  IBUF (Prop_ibuf_I_O)         1.453     1.453 f  sel_IBUF_inst/O
                         net (fo=9, routed)           3.787     5.240    an_OBUF[0]
    SLICE_X65Y27         LUT1 (Prop_lut1_I0_O)        0.124     5.364 r  an_OBUF[1]_inst_i_1/O
                         net (fo=1, routed)           1.672     7.036    an_OBUF[1]
    U4                   OBUF (Prop_obuf_I_O)         3.499    10.535 r  an_OBUF[1]_inst/O
                         net (fo=0)                   0.000    10.535    an[1]
    U4                                                                r  an[1] (OUT)
  -------------------------------------------------------------------    -------------------

Slack:                    inf
  Source:                 sel
                            (input port)
  Destination:            an[0]
                            (output port)
  Path Group:             (none)
  Path Type:              Max at Slow Process Corner
  Data Path Delay:        9.528ns  (logic 4.956ns (52.011%)  route 4.572ns (47.989%))
  Logic Levels:           2  (IBUF=1 OBUF=1)

    Location             Delay type                Incr(ns)  Path(ns)    Netlist Resource(s)
  -------------------------------------------------------------------    -------------------
    V17                                               0.000     0.000 r  sel (IN)
                         net (fo=0)                   0.000     0.000    sel
    V17                  IBUF (Prop_ibuf_I_O)         1.453     1.453 r  sel_IBUF_inst/O
                         net (fo=9, routed)           4.572     6.025    an_OBUF[0]
    U2                   OBUF (Prop_obuf_I_O)         3.503     9.528 r  an_OBUF[0]_inst/O
                         net (fo=0)                   0.000     9.528    an[0]
    U2                                                                r  an[0] (OUT)
  -------------------------------------------------------------------    -------------------





Min Delay Paths
--------------------------------------------------------------------------------------
Slack:                    inf
  Source:                 sel
                            (input port)
  Destination:            an[0]
                            (output port)
  Path Group:             (none)
  Path Type:              Min at Fast Process Corner
  Data Path Delay:        3.208ns  (logic 1.425ns (44.414%)  route 1.783ns (55.586%))
  Logic Levels:           2  (IBUF=1 OBUF=1)

    Location             Delay type                Incr(ns)  Path(ns)    Netlist Resource(s)
  -------------------------------------------------------------------    -------------------
    V17                                               0.000     0.000 r  sel (IN)
                         net (fo=0)                   0.000     0.000    sel
    V17                  IBUF (Prop_ibuf_I_O)         0.221     0.221 r  sel_IBUF_inst/O
                         net (fo=9, routed)           1.783     2.004    an_OBUF[0]
    U2                   OBUF (Prop_obuf_I_O)         1.204     3.208 r  an_OBUF[0]_inst/O
                         net (fo=0)                   0.000     3.208    an[0]
    U2                                                                r  an[0] (OUT)
  -------------------------------------------------------------------    -------------------

Slack:                    inf
  Source:                 a[1]
                            (input port)
  Destination:            seg[5]
                            (output port)
  Path Group:             (none)
  Path Type:              Min at Fast Process Corner
  Data Path Delay:        3.397ns  (logic 1.607ns (47.320%)  route 1.789ns (52.680%))
  Logic Levels:           4  (IBUF=1 LUT4=1 MUXF7=1 OBUF=1)

    Location             Delay type                Incr(ns)  Path(ns)    Netlist Resource(s)
  -------------------------------------------------------------------    -------------------
    W16                                               0.000     0.000 r  a[1] (IN)
                         net (fo=0)                   0.000     0.000    a[1]
    W16                  IBUF (Prop_ibuf_I_O)         0.232     0.232 r  a_IBUF[1]_inst/O
                         net (fo=7, routed)           0.984     1.216    a_IBUF[1]
    SLICE_X46Y10         LUT4 (Prop_lut4_I2_O)        0.045     1.261 r  seg_OBUF[5]_inst_i_2/O
                         net (fo=1, routed)           0.000     1.261    A1[5]
    SLICE_X46Y10         MUXF7 (Prop_muxf7_I0_O)      0.062     1.323 r  seg_OBUF[5]_inst_i_1/O
                         net (fo=1, routed)           0.805     2.128    seg_OBUF[5]
    V5                   OBUF (Prop_obuf_I_O)         1.269     3.397 r  seg_OBUF[5]_inst/O
                         net (fo=0)                   0.000     3.397    seg[5]
    V5                                                                r  seg[5] (OUT)
  -------------------------------------------------------------------    -------------------

Slack:                    inf
  Source:                 a[0]
                            (input port)
  Destination:            seg[3]
                            (output port)
  Path Group:             (none)
  Path Type:              Min at Fast Process Corner
  Data Path Delay:        3.451ns  (logic 1.636ns (47.402%)  route 1.815ns (52.598%))
  Logic Levels:           4  (IBUF=1 LUT4=1 MUXF7=1 OBUF=1)

    Location             Delay type                Incr(ns)  Path(ns)    Netlist Resource(s)
  -------------------------------------------------------------------    -------------------
    V16                                               0.000     0.000 r  a[0] (IN)
                         net (fo=0)                   0.000     0.000    a[0]
    V16                  IBUF (Prop_ibuf_I_O)         0.229     0.229 r  a_IBUF[0]_inst/O
                         net (fo=7, routed)           0.935     1.164    a_IBUF[0]
    SLICE_X47Y11         LUT4 (Prop_lut4_I2_O)        0.045     1.209 r  seg_OBUF[3]_inst_i_2/O
                         net (fo=1, routed)           0.000     1.209    A1[3]
    SLICE_X47Y11         MUXF7 (Prop_muxf7_I0_O)      0.062     1.271 r  seg_OBUF[3]_inst_i_1/O
                         net (fo=1, routed)           0.880     2.151    seg_OBUF[3]
    V8                   OBUF (Prop_obuf_I_O)         1.299     3.451 r  seg_OBUF[3]_inst/O
                         net (fo=0)                   0.000     3.451    seg[3]
    V8                                                                r  seg[3] (OUT)
  -------------------------------------------------------------------    -------------------

Slack:                    inf
  Source:                 a[3]
                            (input port)
  Destination:            seg[6]
                            (output port)
  Path Group:             (none)
  Path Type:              Min at Fast Process Corner
  Data Path Delay:        3.471ns  (logic 1.630ns (46.969%)  route 1.841ns (53.031%))
  Logic Levels:           4  (IBUF=1 LUT4=1 MUXF7=1 OBUF=1)

    Location             Delay type                Incr(ns)  Path(ns)    Netlist Resource(s)
  -------------------------------------------------------------------    -------------------
    W15                                               0.000     0.000 r  a[3] (IN)
                         net (fo=0)                   0.000     0.000    a[3]
    W15                  IBUF (Prop_ibuf_I_O)         0.219     0.219 r  a_IBUF[3]_inst/O
                         net (fo=7, routed)           1.062     1.281    a_IBUF[3]
    SLICE_X47Y10         LUT4 (Prop_lut4_I0_O)        0.045     1.326 r  seg_OBUF[6]_inst_i_2/O
                         net (fo=1, routed)           0.000     1.326    A1[6]
    SLICE_X47Y10         MUXF7 (Prop_muxf7_I0_O)      0.071     1.397 r  seg_OBUF[6]_inst_i_1/O
                         net (fo=1, routed)           0.779     2.175    seg_OBUF[6]
    U7                   OBUF (Prop_obuf_I_O)         1.295     3.471 r  seg_OBUF[6]_inst/O
                         net (fo=0)                   0.000     3.471    seg[6]
    U7                                                                r  seg[6] (OUT)
  -------------------------------------------------------------------    -------------------

Slack:                    inf
  Source:                 a[0]
                            (input port)
  Destination:            seg[1]
                            (output port)
  Path Group:             (none)
  Path Type:              Min at Fast Process Corner
  Data Path Delay:        3.473ns  (logic 1.629ns (46.912%)  route 1.844ns (53.088%))
  Logic Levels:           4  (IBUF=1 LUT4=1 MUXF7=1 OBUF=1)

    Location             Delay type                Incr(ns)  Path(ns)    Netlist Resource(s)
  -------------------------------------------------------------------    -------------------
    V16                                               0.000     0.000 r  a[0] (IN)
                         net (fo=0)                   0.000     0.000    a[0]
    V16                  IBUF (Prop_ibuf_I_O)         0.229     0.229 r  a_IBUF[0]_inst/O
                         net (fo=7, routed)           0.943     1.172    a_IBUF[0]
    SLICE_X46Y11         LUT4 (Prop_lut4_I3_O)        0.045     1.217 r  seg_OBUF[1]_inst_i_2/O
                         net (fo=1, routed)           0.000     1.217    A1[1]
    SLICE_X46Y11         MUXF7 (Prop_muxf7_I0_O)      0.062     1.279 r  seg_OBUF[1]_inst_i_1/O
                         net (fo=1, routed)           0.901     2.180    seg_OBUF[1]
    W6                   OBUF (Prop_obuf_I_O)         1.293     3.473 r  seg_OBUF[1]_inst/O
                         net (fo=0)                   0.000     3.473    seg[1]
    W6                                                                r  seg[1] (OUT)
  -------------------------------------------------------------------    -------------------

Slack:                    inf
  Source:                 a[3]
                            (input port)
  Destination:            seg[4]
                            (output port)
  Path Group:             (none)
  Path Type:              Min at Fast Process Corner
  Data Path Delay:        3.475ns  (logic 1.619ns (46.588%)  route 1.856ns (53.412%))
  Logic Levels:           4  (IBUF=1 LUT4=1 MUXF7=1 OBUF=1)

    Location             Delay type                Incr(ns)  Path(ns)    Netlist Resource(s)
  -------------------------------------------------------------------    -------------------
    W15                                               0.000     0.000 r  a[3] (IN)
                         net (fo=0)                   0.000     0.000    a[3]
    W15                  IBUF (Prop_ibuf_I_O)         0.219     0.219 r  a_IBUF[3]_inst/O
                         net (fo=7, routed)           0.991     1.210    a_IBUF[3]
    SLICE_X47Y11         LUT4 (Prop_lut4_I0_O)        0.045     1.255 r  seg_OBUF[4]_inst_i_2/O
                         net (fo=1, routed)           0.000     1.255    A1[4]
    SLICE_X47Y11         MUXF7 (Prop_muxf7_I0_O)      0.071     1.326 r  seg_OBUF[4]_inst_i_1/O
                         net (fo=1, routed)           0.865     2.191    seg_OBUF[4]
    U5                   OBUF (Prop_obuf_I_O)         1.284     3.475 r  seg_OBUF[4]_inst/O
                         net (fo=0)                   0.000     3.475    seg[4]
    U5                                                                r  seg[4] (OUT)
  -------------------------------------------------------------------    -------------------

Slack:                    inf
  Source:                 a[1]
                            (input port)
  Destination:            seg[0]
                            (output port)
  Path Group:             (none)
  Path Type:              Min at Fast Process Corner
  Data Path Delay:        3.512ns  (logic 1.614ns (45.947%)  route 1.898ns (54.053%))
  Logic Levels:           4  (IBUF=1 LUT4=1 MUXF7=1 OBUF=1)

    Location             Delay type                Incr(ns)  Path(ns)    Netlist Resource(s)
  -------------------------------------------------------------------    -------------------
    W16                                               0.000     0.000 r  a[1] (IN)
                         net (fo=0)                   0.000     0.000    a[1]
    W16                  IBUF (Prop_ibuf_I_O)         0.232     0.232 r  a_IBUF[1]_inst/O
                         net (fo=7, routed)           0.980     1.212    a_IBUF[1]
    SLICE_X47Y10         LUT4 (Prop_lut4_I3_O)        0.045     1.257 r  seg_OBUF[0]_inst_i_2/O
                         net (fo=1, routed)           0.000     1.257    A1[0]
    SLICE_X47Y10         MUXF7 (Prop_muxf7_I0_O)      0.062     1.319 r  seg_OBUF[0]_inst_i_1/O
                         net (fo=1, routed)           0.918     2.237    seg_OBUF[0]
    W7                   OBUF (Prop_obuf_I_O)         1.275     3.512 r  seg_OBUF[0]_inst/O
                         net (fo=0)                   0.000     3.512    seg[0]
    W7                                                                r  seg[0] (OUT)
  -------------------------------------------------------------------    -------------------

Slack:                    inf
  Source:                 sel
                            (input port)
  Destination:            an[1]
                            (output port)
  Path Group:             (none)
  Path Type:              Min at Fast Process Corner
  Data Path Delay:        3.534ns  (logic 1.466ns (41.494%)  route 2.067ns (58.506%))
  Logic Levels:           3  (IBUF=1 LUT1=1 OBUF=1)

    Location             Delay type                Incr(ns)  Path(ns)    Netlist Resource(s)
  -------------------------------------------------------------------    -------------------
    V17                                               0.000     0.000 f  sel (IN)
                         net (fo=0)                   0.000     0.000    sel
    V17                  IBUF (Prop_ibuf_I_O)         0.221     0.221 f  sel_IBUF_inst/O
                         net (fo=9, routed)           1.740     1.961    an_OBUF[0]
    SLICE_X65Y27         LUT1 (Prop_lut1_I0_O)        0.045     2.006 r  an_OBUF[1]_inst_i_1/O
                         net (fo=1, routed)           0.327     2.333    an_OBUF[1]
    U4                   OBUF (Prop_obuf_I_O)         1.200     3.534 r  an_OBUF[1]_inst/O
                         net (fo=0)                   0.000     3.534    an[1]
    U4                                                                r  an[1] (OUT)
  -------------------------------------------------------------------    -------------------

Slack:                    inf
  Source:                 a[1]
                            (input port)
  Destination:            seg[2]
                            (output port)
  Path Group:             (none)
  Path Type:              Min at Fast Process Corner
  Data Path Delay:        3.589ns  (logic 1.649ns (45.934%)  route 1.941ns (54.066%))
  Logic Levels:           4  (IBUF=1 LUT4=1 MUXF7=1 OBUF=1)

    Location             Delay type                Incr(ns)  Path(ns)    Netlist Resource(s)
  -------------------------------------------------------------------    -------------------
    W16                                               0.000     0.000 r  a[1] (IN)
                         net (fo=0)                   0.000     0.000    a[1]
    W16                  IBUF (Prop_ibuf_I_O)         0.232     0.232 r  a_IBUF[1]_inst/O
                         net (fo=7, routed)           1.041     1.273    a_IBUF[1]
    SLICE_X46Y11         LUT4 (Prop_lut4_I2_O)        0.045     1.318 r  seg_OBUF[2]_inst_i_2/O
                         net (fo=1, routed)           0.000     1.318    A1[2]
    SLICE_X46Y11         MUXF7 (Prop_muxf7_I0_O)      0.073     1.391 r  seg_OBUF[2]_inst_i_1/O
                         net (fo=1, routed)           0.900     2.290    seg_OBUF[2]
    U8                   OBUF (Prop_obuf_I_O)         1.299     3.589 r  seg_OBUF[2]_inst/O
                         net (fo=0)                   0.000     3.589    seg[2]
    U8                                                                r  seg[2] (OUT)
  -------------------------------------------------------------------    -------------------





